<?xml version="1.0" encoding="UTF-8"?>
<testsuites>
  <testsuite id="0" name="C:\GitHub\CalculateFunding-Frontend\CalculateFunding.Web\calculatefunding-web\src\tests\Pages\TemplateBuilder.test.tsx" errors="0" package="C:\GitHub\CalculateFunding-Frontend\CalculateFunding.Web\calculatefunding-web\src\tests\Pages\TemplateBuilder.test.tsx" hostname="localhost" tests="7" failures="0" time="4.604" timestamp="2020-04-20T16:34:24">
    <properties>
    </properties>
    <testcase classname="renders in view mode" name="renders in view mode" time="0">
    </testcase>
    <testcase classname="shows add funding line button when edit mode selected" name="shows add funding line button when edit mode selected" time="0">
    </testcase>
    <testcase classname="adds new funding line to page when button clicked" name="adds new funding line to page when button clicked" time="0">
    </testcase>
    <testcase classname="funding line displays add buttons in edit mode" name="funding line displays add buttons in edit mode" time="0">
    </testcase>
    <testcase classname="funding line hides add buttons in view mode" name="funding line hides add buttons in view mode" time="0">
    </testcase>
    <testcase classname="displays edit window when clicking on funding line" name="displays edit window when clicking on funding line" time="0">
    </testcase>
    <testcase classname="displays confirmation when deleting a funding line" name="displays confirmation when deleting a funding line" time="0">
    </testcase>
    <system-out/>
    <system-err/>
  </testsuite>
</testsuites>